<?xml version="1.0" encoding="UTF-8"?>
<testng-results skipped="0" failed="0" total="1" passed="1">
  <reporter-output>
  </reporter-output>
  <suite name="Default suite" duration-ms="32723" started-at="2017-03-28T17:53:29Z" finished-at="2017-03-28T17:54:02Z">
    <groups>
    </groups>
    <test name="Default test" duration-ms="32723" started-at="2017-03-28T17:53:29Z" finished-at="2017-03-28T17:54:02Z">
      <class name="perfeqta_package.smartalert">
        <test-method status="PASS" signature="abcd()[pri:0, instance:perfeqta_package.smartalert@91161c7]" name="abcd" duration-ms="32668" started-at="2017-03-28T23:23:29Z" finished-at="2017-03-28T23:24:02Z">
          <reporter-output>
          </reporter-output>
        </test-method> <!-- abcd -->
      </class> <!-- perfeqta_package.smartalert -->
    </test> <!-- Default test -->
  </suite> <!-- Default suite -->
</testng-results>
